<?xml version="1.0" encoding="UTF-8"?>
<!-- Generated by org.testng.reporters.JUnitReportReporter -->
<testsuite hostname="DESKTOP-9P1G2QK" failures="0" tests="1" name="tastCase_2.HomePageVerification" time="2.817" errors="0" timestamp="2023-12-09T06:44:27 BDT" skipped="0">
  <testcase classname="tastCase_2.HomePageVerification" name="homePageVerification" time="2.817"/>
</testsuite> <!-- tastCase_2.HomePageVerification -->
