<?xml version="1.0" encoding="UTF-8"?>
<!-- Generated by org.testng.reporters.JUnitReportReporter -->
<testsuite hostname="DESKTOP-9P1G2QK" failures="0" tests="1" name="dataProvid.DataProvid_CLogin" time="5.072" errors="0" timestamp="2023-12-20T22:40:22 BDT" skipped="0">
  <testcase classname="dataProvid.DataProvid_CLogin" name="test_Customer_Login" time="5.072"/>
</testsuite> <!-- dataProvid.DataProvid_CLogin -->
