<?xml version="1.0" encoding="UTF-8"?>
<!-- Generated by org.testng.reporters.JUnitReportReporter -->
<testsuite hostname="DESKTOP-9P1G2QK" failures="0" tests="2" name="tastCase.Multiple_TestCase_Run" time="3.317" errors="0" timestamp="2023-12-20T14:01:49 BDT" skipped="0">
  <testcase classname="tastCase.Multiple_TestCase_Run" name="atest_Customer_Login" time="1.672"/>
  <testcase classname="tastCase.Multiple_TestCase_Run" name="btest_Customer" time="1.645"/>
</testsuite> <!-- tastCase.Multiple_TestCase_Run -->
