<?xml version="1.0" encoding="UTF-8"?>
<!-- Generated by org.testng.reporters.JUnitReportReporter -->
<testsuite hostname="DESKTOP-9P1G2QK" failures="0" tests="1" name="test_Dependencies.CreatingTest_WithoutPriority" time="2.814" errors="0" timestamp="2023-12-16T12:07:16 BDT" skipped="0">
  <testcase classname="test_Dependencies.CreatingTest_WithoutPriority" name="testCase_1" time="2.814"/>
</testsuite> <!-- test_Dependencies.CreatingTest_WithoutPriority -->
