<?xml version="1.0" encoding="UTF-8"?>
<!-- Generated by org.testng.reporters.JUnitReportReporter -->
<testsuite hostname="DESKTOP-9P1G2QK" failures="0" tests="1" name="testDataProvide.CLoging" time="6.093" errors="0" timestamp="2023-12-21T23:14:56 BDT" skipped="0">
  <testcase classname="testDataProvide.CLoging" name="test_Customer_Login" time="6.093"/>
</testsuite> <!-- testDataProvide.CLoging -->
