<?xml version="1.0" encoding="UTF-8"?>
<!-- Generated by org.testng.reporters.JUnitReportReporter -->
<testsuite hostname="DESKTOP-9P1G2QK" failures="0" tests="3" name="testDataProvide.TestParameteizationBasic" time="5.293" errors="0" timestamp="2023-12-21T22:40:54 BDT" skipped="0">
  <testcase classname="testDataProvide.TestParameteizationBasic" name="doLoging" time="4.851"/>
  <testcase classname="testDataProvide.TestParameteizationBasic" name="doLoging" time="0.365"/>
  <testcase classname="testDataProvide.TestParameteizationBasic" name="doLoging" time="0.077"/>
</testsuite> <!-- testDataProvide.TestParameteizationBasic -->
