<?xml version="1.0" encoding="UTF-8"?>
<!-- Generated by org.testng.reporters.JUnitReportReporter -->
<testsuite hostname="DESKTOP-9P1G2QK" failures="0" tests="1" name="tastCase.Test_Create_Order" time="9.214" errors="0" timestamp="2024-01-02T11:07:21 BDT" skipped="0">
  <testcase classname="tastCase.Test_Create_Order" name="test_Create_Order" time="9.214"/>
</testsuite> <!-- tastCase.Test_Create_Order -->
