<?xml version="1.0" encoding="UTF-8"?>
<!-- Generated by org.testng.reporters.JUnitReportReporter -->
<testsuite hostname="DESKTOP-9P1G2QK" failures="0" tests="2" name="tastCase.Multiple_TestCase_Cloging_Eloging" time="6.477" errors="0" timestamp="2023-12-07T09:01:53 BDT" skipped="0">
  <testcase classname="tastCase.Multiple_TestCase_Cloging_Eloging" name="test_Customer_Login" time="4.683"/>
  <testcase classname="tastCase.Multiple_TestCase_Cloging_Eloging" name="test_Customer" time="1.794"/>
</testsuite> <!-- tastCase.Multiple_TestCase_Cloging_Eloging -->
