<?xml version="1.0" encoding="UTF-8"?>
<!-- Generated by org.testng.reporters.JUnitReportReporter -->
<testsuite hostname="DESKTOP-9P1G2QK" failures="0" tests="4" name="test_Dependencies.CreatingTest" time="14.737" errors="0" timestamp="2023-12-16T12:06:04 BDT" skipped="0">
  <testcase classname="test_Dependencies.CreatingTest" name="testCase_1" time="14.726"/>
  <testcase classname="test_Dependencies.CreatingTest" name="testCase_4" time="0.003"/>
  <testcase classname="test_Dependencies.CreatingTest" name="testCase_2" time="0.003"/>
  <testcase classname="test_Dependencies.CreatingTest" name="testCase_3" time="0.005"/>
</testsuite> <!-- test_Dependencies.CreatingTest -->
