<?xml version="1.0" encoding="UTF-8"?>
<!-- Generated by org.testng.reporters.JUnitReportReporter -->
<testsuite hostname="DESKTOP-9P1G2QK" failures="0" tests="1" name="testParameteization.DataProvid_EmpLoging" time="15.709" errors="0" timestamp="2023-12-14T15:49:48 BDT" skipped="0">
  <testcase classname="testParameteization.DataProvid_EmpLoging" name="test_Employee_Login" time="15.709"/>
</testsuite> <!-- testParameteization.DataProvid_EmpLoging -->
