<?xml version="1.0" encoding="UTF-8"?>
<!-- Generated by org.testng.reporters.JUnitReportReporter -->
<testsuite hostname="DESKTOP-9P1G2QK" failures="0" tests="1" name="tastCase.Assertion_Test_Employee_Login" time="4.101" errors="0" timestamp="2023-12-11T15:15:30 BDT" skipped="0">
  <testcase classname="tastCase.Assertion_Test_Employee_Login" name="test_Employee_Login" time="4.101"/>
</testsuite> <!-- tastCase.Assertion_Test_Employee_Login -->
