<?xml version="1.0" encoding="UTF-8"?>
<!-- Generated by org.testng.reporters.JUnitReportReporter -->
<testsuite hostname="DESKTOP-9P1G2QK" failures="0" tests="1" name="testParameteization.DataProvid_Customer_Login" time="7.588" errors="0" timestamp="2023-12-14T15:50:19 BDT" skipped="0">
  <testcase classname="testParameteization.DataProvid_Customer_Login" name="test_Customer_Login" time="7.588"/>
</testsuite> <!-- testParameteization.DataProvid_Customer_Login -->
