<?xml version="1.0" encoding="UTF-8"?>
<!-- Generated by org.testng.reporters.JUnitReportReporter -->
<testsuite hostname="DESKTOP-9P1G2QK" failures="0" tests="1" name="dataProvid.DataProvid_Customer_Login" time="5.203" errors="0" timestamp="2023-12-20T22:24:30 BDT" skipped="0">
  <testcase classname="dataProvid.DataProvid_Customer_Login" name="test_Customer_Login" time="5.203"/>
</testsuite> <!-- dataProvid.DataProvid_Customer_Login -->
