<?xml version="1.0" encoding="UTF-8"?>
<!-- Generated by org.testng.reporters.JUnitReportReporter -->
<testsuite hostname="DESKTOP-9P1G2QK" failures="0" tests="1" name="class_27.TestFailure_Listeners" time="6.090" errors="0" timestamp="2023-12-15T19:23:23 BDT" skipped="0">
  <testcase classname="class_27.TestFailure_Listeners" name="test_Employee_Login" time="6.090"/>
</testsuite> <!-- class_27.TestFailure_Listeners -->
