<?xml version="1.0" encoding="UTF-8"?>
<!-- Generated by org.testng.reporters.JUnitReportReporter -->
<testsuite hostname="DESKTOP-9P1G2QK" failures="0" tests="1" name="tastCase.Test_Customer_Login" time="7.618" errors="0" timestamp="2024-01-02T11:07:01 BDT" skipped="0">
  <testcase classname="tastCase.Test_Customer_Login" name="test_Customer_Login" time="7.618"/>
</testsuite> <!-- tastCase.Test_Customer_Login -->
