<?xml version="1.0" encoding="UTF-8"?>
<!-- Generated by org.testng.reporters.JUnitReportReporter -->
<testsuite hostname="DESKTOP-9P1G2QK" failures="0" tests="3" name="dataProvid.TestParameteizationBasic" time="3.941" errors="0" timestamp="2023-12-21T09:47:18 BDT" skipped="0">
  <testcase classname="dataProvid.TestParameteizationBasic" name="doLoging" time="0.578"/>
  <testcase classname="dataProvid.TestParameteizationBasic" name="doLoging" time="2.823"/>
  <testcase classname="dataProvid.TestParameteizationBasic" name="doLoging" time="0.540"/>
</testsuite> <!-- dataProvid.TestParameteizationBasic -->
