<?xml version="1.0" encoding="UTF-8"?>
<!-- Generated by org.testng.reporters.JUnitReportReporter -->
<testsuite hostname="DESKTOP-9P1G2QK" failures="1" tests="2" name="assertion.CreatingTest_dependencies" time="7.988" errors="0" timestamp="2023-12-16T10:37:37 BDT" skipped="1">
  <testcase classname="assertion.CreatingTest_dependencies" name="testCase_1" time="7.985">
    <failure message="Locator expected to have text: Welcome to MicroTech NA..
Received: Welcome to MicroTech NA.

Call log:
Locator.expect with timeout 5000ms
waiting for locator(&quot;xpath=//div/h1&quot;)
  locator resolved to &lt;h1&gt;Welcome to MicroTech NA.&lt;/h1&gt;
  unexpected value &quot;Welcome to MicroTech NA.&quot;
  locator resolved to &lt;h1&gt;Welcome to MicroTech NA.&lt;/h1&gt;
  unexpected value &quot;Welcome to MicroTech NA.&quot;
  locator resolved to &lt;h1&gt;Welcome to MicroTech NA.&lt;/h1&gt;
  unexpected value &quot;Welcome to MicroTech NA.&quot;
  locator resolved to &lt;h1&gt;Welcome to MicroTech NA.&lt;/h1&gt;
  unexpected value &quot;Welcome to MicroTech NA.&quot;
  locator resolved to &lt;h1&gt;Welcome to MicroTech NA.&lt;/h1&gt;
  unexpected value &quot;Welcome to MicroTech NA.&quot;
  locator resolved to &lt;h1&gt;Welcome to MicroTech NA.&lt;/h1&gt;
  unexpected value &quot;Welcome to MicroTech NA.&quot;
  locator resolved to &lt;h1&gt;Welcome to MicroTech NA.&lt;/h1&gt;
  unexpected value &quot;Welcome to MicroTech NA.&quot;
  locator resolved to &lt;h1&gt;Welcome to MicroTech NA.&lt;/h1&gt;
  unexpected value &quot;Welcome to MicroTech NA.&quot;" type="org.opentest4j.AssertionFailedError">
      <![CDATA[org.opentest4j.AssertionFailedError: Locator expected to have text: Welcome to MicroTech NA..
Received: Welcome to MicroTech NA.

Call log:
Locator.expect with timeout 5000ms
waiting for locator("xpath=//div/h1")
  locator resolved to <h1>Welcome to MicroTech NA.</h1>
  unexpected value "Welcome to MicroTech NA."
  locator resolved to <h1>Welcome to MicroTech NA.</h1>
  unexpected value "Welcome to MicroTech NA."
  locator resolved to <h1>Welcome to MicroTech NA.</h1>
  unexpected value "Welcome to MicroTech NA."
  locator resolved to <h1>Welcome to MicroTech NA.</h1>
  unexpected value "Welcome to MicroTech NA."
  locator resolved to <h1>Welcome to MicroTech NA.</h1>
  unexpected value "Welcome to MicroTech NA."
  locator resolved to <h1>Welcome to MicroTech NA.</h1>
  unexpected value "Welcome to MicroTech NA."
  locator resolved to <h1>Welcome to MicroTech NA.</h1>
  unexpected value "Welcome to MicroTech NA."
  locator resolved to <h1>Welcome to MicroTech NA.</h1>
  unexpected value "Welcome to MicroTech NA."
at com.microsoft.playwright.impl.AssertionsBase.expectImpl(AssertionsBase.java:73)
at com.microsoft.playwright.impl.AssertionsBase.expectImpl(AssertionsBase.java:50)
at com.microsoft.playwright.impl.AssertionsBase.expectImpl(AssertionsBase.java:41)
at com.microsoft.playwright.impl.LocatorAssertionsImpl.hasText(LocatorAssertionsImpl.java:214)
at com.microsoft.playwright.assertions.LocatorAssertions.hasText(LocatorAssertions.java:1442)
at base.Base.assertion(Base.java:75)
at assertion.CreatingTest_dependencies.testCase_1(CreatingTest_dependencies.java:19)
at java.base/jdk.internal.reflect.NativeMethodAccessorImpl.invoke0(Native Method)
at java.base/jdk.internal.reflect.NativeMethodAccessorImpl.invoke(NativeMethodAccessorImpl.java:62)
at java.base/jdk.internal.reflect.DelegatingMethodAccessorImpl.invoke(DelegatingMethodAccessorImpl.java:43)
at java.base/java.lang.reflect.Method.invoke(Method.java:566)
at org.testng.internal.invokers.MethodInvocationHelper.invokeMethod(MethodInvocationHelper.java:139)
at org.testng.internal.invokers.TestInvoker.invokeMethod(TestInvoker.java:664)
at org.testng.internal.invokers.TestInvoker.invokeTestMethod(TestInvoker.java:227)
at org.testng.internal.invokers.MethodRunner.runInSequence(MethodRunner.java:50)
at org.testng.internal.invokers.TestInvoker$MethodInvocationAgent.invoke(TestInvoker.java:957)
at org.testng.internal.invokers.TestInvoker.invokeTestMethods(TestInvoker.java:200)
at org.testng.internal.invokers.TestMethodWorker.invokeTestMethods(TestMethodWorker.java:148)
at org.testng.internal.invokers.TestMethodWorker.run(TestMethodWorker.java:128)
at java.base/java.util.ArrayList.forEach(ArrayList.java:1540)
at org.testng.TestRunner.privateRun(TestRunner.java:848)
at org.testng.TestRunner.run(TestRunner.java:621)
at org.testng.SuiteRunner.runTest(SuiteRunner.java:443)
at org.testng.SuiteRunner.runSequentially(SuiteRunner.java:437)
at org.testng.SuiteRunner.privateRun(SuiteRunner.java:397)
at org.testng.SuiteRunner.run(SuiteRunner.java:336)
at org.testng.SuiteRunnerWorker.runSuite(SuiteRunnerWorker.java:52)
at org.testng.SuiteRunnerWorker.run(SuiteRunnerWorker.java:95)
at org.testng.TestNG.runSuitesSequentially(TestNG.java:1280)
at org.testng.TestNG.runSuitesLocally(TestNG.java:1200)
at org.testng.TestNG.runSuites(TestNG.java:1114)
at org.testng.TestNG.run(TestNG.java:1082)
at org.testng.remote.AbstractRemoteTestNG.run(AbstractRemoteTestNG.java:115)
at org.testng.remote.RemoteTestNG.initAndRun(RemoteTestNG.java:251)
at org.testng.remote.RemoteTestNG.main(RemoteTestNG.java:77)
]]>
    </failure>
  </testcase> <!-- testCase_1 -->
  <testcase classname="assertion.CreatingTest_dependencies" name="testCase_2" time="0.003">
    <skipped/>
  </testcase> <!-- testCase_2 -->
</testsuite> <!-- assertion.CreatingTest_dependencies -->
