<?xml version="1.0" encoding="UTF-8"?>
<!-- Generated by org.testng.reporters.JUnitReportReporter -->
<testsuite hostname="DESKTOP-9P1G2QK" failures="0" tests="1" name="tastCase.BeforeGroup_Example" time="1.876" errors="0" timestamp="2023-12-20T11:05:24 BDT" skipped="0">
  <testcase classname="tastCase.BeforeGroup_Example" name="test_Employee_Login" time="1.876"/>
</testsuite> <!-- tastCase.BeforeGroup_Example -->
