<?xml version="1.0" encoding="UTF-8"?>
<!-- Generated by org.testng.reporters.JUnitReportReporter -->
<testsuite hostname="DESKTOP-9P1G2QK" failures="0" tests="1" name="test_Dependencies.TestSkip" time="0.009" errors="0" timestamp="2023-12-23T23:36:33 BDT" skipped="1">
  <testcase classname="test_Dependencies.TestSkip" name="isSkip" time="0.009">
    <skipped/>
  </testcase> <!-- isSkip -->
</testsuite> <!-- test_Dependencies.TestSkip -->
