<?xml version="1.0" encoding="UTF-8"?>
<!-- Generated by org.testng.reporters.JUnitReportReporter -->
<testsuite hostname="DESKTOP-9P1G2QK" failures="0" tests="2" name="parallelTesting.TestPerametersFromXML" time="2.652" errors="0" timestamp="2023-12-14T07:45:59 BDT" skipped="0">
  <testcase classname="parallelTesting.TestPerametersFromXML" name="getBrowser" time="0.192"/>
  <testcase classname="parallelTesting.TestPerametersFromXML" name="getBrowser" time="2.460"/>
</testsuite> <!-- parallelTesting.TestPerametersFromXML -->
