<?xml version="1.0" encoding="UTF-8"?>
<!-- Generated by org.testng.reporters.JUnitReportReporter -->
<testsuite hostname="DESKTOP-9P1G2QK" failures="0" tests="4" name="class_27.CreatingTest_dependencies" time="4.152" errors="0" timestamp="2023-12-15T19:36:41 BDT" skipped="0">
  <testcase classname="class_27.CreatingTest_dependencies" name="testCase_1" time="4.138"/>
  <testcase classname="class_27.CreatingTest_dependencies" name="testCase_2" time="0.004"/>
  <testcase classname="class_27.CreatingTest_dependencies" name="testCase_3" time="0.005"/>
  <testcase classname="class_27.CreatingTest_dependencies" name="testCase_4" time="0.005"/>
</testsuite> <!-- class_27.CreatingTest_dependencies -->
