<?xml version="1.0" encoding="UTF-8"?>
<!-- Generated by org.testng.reporters.JUnitReportReporter -->
<testsuite hostname="DESKTOP-9P1G2QK" failures="0" tests="1" name="tastCase.HomePageVerification" time="0.482" errors="0" timestamp="2023-12-20T14:01:49 BDT" skipped="0">
  <testcase classname="tastCase.HomePageVerification" name="homePageVerification" time="0.482"/>
</testsuite> <!-- tastCase.HomePageVerification -->
