<?xml version="1.0" encoding="UTF-8"?>
<!-- Generated by org.testng.reporters.JUnitReportReporter -->
<testsuite hostname="DESKTOP-9P1G2QK" failures="0" tests="3" name="testParameteization.EmpLoging" time="68.508" errors="2" timestamp="2023-12-13T15:51:57 BDT" skipped="0">
  <testcase classname="testParameteization.EmpLoging" name="test_Employee_Login" time="31.428">
    <error message="Error {
  message=&#039;Timeout 30000ms exceeded.
=========================== logs ===========================
waiting for locator(&quot;xpath=//h2[1]&quot;)
============================================================
  name=&#039;TimeoutError
  stack=&#039;TimeoutError: Timeout 30000ms exceeded.
=========================== logs ===========================
waiting for locator(&quot;xpath=//h2[1]&quot;)
============================================================
    at ProgressController.run (C:\Users\MONIRA~1\AppData\Local\Temp\playwright-java-7915200650146851856\package\lib\server\progress.js:88:26)
    at Frame._callOnElementOnceMatches (C:\Users\MONIRA~1\AppData\Local\Temp\playwright-java-7915200650146851856\package\lib\server\frames.js:1398:23)
    at Frame.innerText (C:\Users\MONIRA~1\AppData\Local\Temp\playwright-java-7915200650146851856\package\lib\server\frames.js:1059:17)
    at FrameDispatcher.innerText (C:\Users\MONIRA~1\AppData\Local\Temp\playwright-java-7915200650146851856\package\lib\server\dispatchers\frameDispatcher.js:182:32)
    at DispatcherConnection.dispatch (C:\Users\MONIRA~1\AppData\Local\Temp\playwright-java-7915200650146851856\package\lib\server\dispatchers\dispatcher.js:346:46)
}" type="com.microsoft.playwright.TimeoutError">
      <![CDATA[com.microsoft.playwright.TimeoutError: Error {
  message='Timeout 30000ms exceeded.
=========================== logs ===========================
waiting for locator("xpath=//h2[1]")
============================================================
  name='TimeoutError
  stack='TimeoutError: Timeout 30000ms exceeded.
=========================== logs ===========================
waiting for locator("xpath=//h2[1]")
============================================================
    at ProgressController.run (C:\Users\MONIRA~1\AppData\Local\Temp\playwright-java-7915200650146851856\package\lib\server\progress.js:88:26)
    at Frame._callOnElementOnceMatches (C:\Users\MONIRA~1\AppData\Local\Temp\playwright-java-7915200650146851856\package\lib\server\frames.js:1398:23)
    at Frame.innerText (C:\Users\MONIRA~1\AppData\Local\Temp\playwright-java-7915200650146851856\package\lib\server\frames.js:1059:17)
    at FrameDispatcher.innerText (C:\Users\MONIRA~1\AppData\Local\Temp\playwright-java-7915200650146851856\package\lib\server\dispatchers\frameDispatcher.js:182:32)
    at DispatcherConnection.dispatch (C:\Users\MONIRA~1\AppData\Local\Temp\playwright-java-7915200650146851856\package\lib\server\dispatchers\dispatcher.js:346:46)
}
at com.microsoft.playwright.impl.WaitableResult.get(WaitableResult.java:52)
at com.microsoft.playwright.impl.ChannelOwner.runUntil(ChannelOwner.java:120)
at com.microsoft.playwright.impl.Connection.sendMessage(Connection.java:126)
at com.microsoft.playwright.impl.ChannelOwner.sendMessage(ChannelOwner.java:106)
at com.microsoft.playwright.impl.FrameImpl.innerTextImpl(FrameImpl.java:526)
at com.microsoft.playwright.impl.FrameImpl.lambda$innerText$22(FrameImpl.java:517)
at com.microsoft.playwright.impl.LoggingSupport.withLogging(LoggingSupport.java:47)
at com.microsoft.playwright.impl.ChannelOwner.withLogging(ChannelOwner.java:89)
at com.microsoft.playwright.impl.FrameImpl.innerText(FrameImpl.java:517)
at com.microsoft.playwright.impl.LocatorImpl.innerText(LocatorImpl.java:335)
at com.microsoft.playwright.Locator.innerText(Locator.java:3663)
at base.Base.innerText(Base.java:54)
at testParameteization.EmpLoging.test_Employee_Login(EmpLoging.java:24)
at java.base/jdk.internal.reflect.NativeMethodAccessorImpl.invoke0(Native Method)
at java.base/jdk.internal.reflect.NativeMethodAccessorImpl.invoke(NativeMethodAccessorImpl.java:62)
at java.base/jdk.internal.reflect.DelegatingMethodAccessorImpl.invoke(DelegatingMethodAccessorImpl.java:43)
at java.base/java.lang.reflect.Method.invoke(Method.java:566)
at org.testng.internal.invokers.MethodInvocationHelper.invokeMethod(MethodInvocationHelper.java:139)
at org.testng.internal.invokers.TestInvoker.invokeMethod(TestInvoker.java:664)
at org.testng.internal.invokers.TestInvoker.invokeTestMethod(TestInvoker.java:227)
at org.testng.internal.invokers.MethodRunner.runInSequence(MethodRunner.java:50)
at org.testng.internal.invokers.TestInvoker$MethodInvocationAgent.invoke(TestInvoker.java:957)
at org.testng.internal.invokers.TestInvoker.invokeTestMethods(TestInvoker.java:200)
at org.testng.internal.invokers.TestMethodWorker.invokeTestMethods(TestMethodWorker.java:148)
at org.testng.internal.invokers.TestMethodWorker.run(TestMethodWorker.java:128)
at java.base/java.util.ArrayList.forEach(ArrayList.java:1540)
at org.testng.TestRunner.privateRun(TestRunner.java:848)
at org.testng.TestRunner.run(TestRunner.java:621)
at org.testng.SuiteRunner.runTest(SuiteRunner.java:443)
at org.testng.SuiteRunner.runSequentially(SuiteRunner.java:437)
at org.testng.SuiteRunner.privateRun(SuiteRunner.java:397)
at org.testng.SuiteRunner.run(SuiteRunner.java:336)
at org.testng.SuiteRunnerWorker.runSuite(SuiteRunnerWorker.java:52)
at org.testng.SuiteRunnerWorker.run(SuiteRunnerWorker.java:95)
at org.testng.TestNG.runSuitesSequentially(TestNG.java:1280)
at org.testng.TestNG.runSuitesLocally(TestNG.java:1200)
at org.testng.TestNG.runSuites(TestNG.java:1114)
at org.testng.TestNG.run(TestNG.java:1082)
at org.testng.remote.AbstractRemoteTestNG.run(AbstractRemoteTestNG.java:115)
at org.testng.remote.RemoteTestNG.initAndRun(RemoteTestNG.java:251)
at org.testng.remote.RemoteTestNG.main(RemoteTestNG.java:77)
Caused by: com.microsoft.playwright.TimeoutError: Error {
  message='Timeout 30000ms exceeded.
=========================== logs ===========================
waiting for locator("xpath=//h2[1]")
============================================================
  name='TimeoutError
  stack='TimeoutError: Timeout 30000ms exceeded.
=========================== logs ===========================
waiting for locator("xpath=//h2[1]")
============================================================
    at ProgressController.run (C:\Users\MONIRA~1\AppData\Local\Temp\playwright-java-7915200650146851856\package\lib\server\progress.js:88:26)
    at Frame._callOnElementOnceMatches (C:\Users\MONIRA~1\AppData\Local\Temp\playwright-java-7915200650146851856\package\lib\server\frames.js:1398:23)
    at Frame.innerText (C:\Users\MONIRA~1\AppData\Local\Temp\playwright-java-7915200650146851856\package\lib\server\frames.js:1059:17)
    at FrameDispatcher.innerText (C:\Users\MONIRA~1\AppData\Local\Temp\playwright-java-7915200650146851856\package\lib\server\dispatchers\frameDispatcher.js:182:32)
    at DispatcherConnection.dispatch (C:\Users\MONIRA~1\AppData\Local\Temp\playwright-java-7915200650146851856\package\lib\server\dispatchers\dispatcher.js:346:46)
}
at com.microsoft.playwright.impl.Connection.dispatch(Connection.java:224)
at com.microsoft.playwright.impl.Connection.processOneMessage(Connection.java:206)
at com.microsoft.playwright.impl.ChannelOwner.runUntil(ChannelOwner.java:118)
... 39 more
]]>
    </error>
  </testcase> <!-- test_Employee_Login -->
  <testcase classname="testParameteization.EmpLoging" name="test_Employee_Login" time="34.885">
    <error message="Error {
  message=&#039;Timeout 30000ms exceeded.
=========================== logs ===========================
waiting for locator(&quot;xpath=//h2[1]&quot;)
============================================================
  name=&#039;TimeoutError
  stack=&#039;TimeoutError: Timeout 30000ms exceeded.
=========================== logs ===========================
waiting for locator(&quot;xpath=//h2[1]&quot;)
============================================================
    at ProgressController.run (C:\Users\MONIRA~1\AppData\Local\Temp\playwright-java-7915200650146851856\package\lib\server\progress.js:88:26)
    at Frame._callOnElementOnceMatches (C:\Users\MONIRA~1\AppData\Local\Temp\playwright-java-7915200650146851856\package\lib\server\frames.js:1398:23)
    at Frame.innerText (C:\Users\MONIRA~1\AppData\Local\Temp\playwright-java-7915200650146851856\package\lib\server\frames.js:1059:17)
    at FrameDispatcher.innerText (C:\Users\MONIRA~1\AppData\Local\Temp\playwright-java-7915200650146851856\package\lib\server\dispatchers\frameDispatcher.js:182:32)
    at DispatcherConnection.dispatch (C:\Users\MONIRA~1\AppData\Local\Temp\playwright-java-7915200650146851856\package\lib\server\dispatchers\dispatcher.js:346:46)
}" type="com.microsoft.playwright.TimeoutError">
      <![CDATA[com.microsoft.playwright.TimeoutError: Error {
  message='Timeout 30000ms exceeded.
=========================== logs ===========================
waiting for locator("xpath=//h2[1]")
============================================================
  name='TimeoutError
  stack='TimeoutError: Timeout 30000ms exceeded.
=========================== logs ===========================
waiting for locator("xpath=//h2[1]")
============================================================
    at ProgressController.run (C:\Users\MONIRA~1\AppData\Local\Temp\playwright-java-7915200650146851856\package\lib\server\progress.js:88:26)
    at Frame._callOnElementOnceMatches (C:\Users\MONIRA~1\AppData\Local\Temp\playwright-java-7915200650146851856\package\lib\server\frames.js:1398:23)
    at Frame.innerText (C:\Users\MONIRA~1\AppData\Local\Temp\playwright-java-7915200650146851856\package\lib\server\frames.js:1059:17)
    at FrameDispatcher.innerText (C:\Users\MONIRA~1\AppData\Local\Temp\playwright-java-7915200650146851856\package\lib\server\dispatchers\frameDispatcher.js:182:32)
    at DispatcherConnection.dispatch (C:\Users\MONIRA~1\AppData\Local\Temp\playwright-java-7915200650146851856\package\lib\server\dispatchers\dispatcher.js:346:46)
}
at com.microsoft.playwright.impl.WaitableResult.get(WaitableResult.java:52)
at com.microsoft.playwright.impl.ChannelOwner.runUntil(ChannelOwner.java:120)
at com.microsoft.playwright.impl.Connection.sendMessage(Connection.java:126)
at com.microsoft.playwright.impl.ChannelOwner.sendMessage(ChannelOwner.java:106)
at com.microsoft.playwright.impl.FrameImpl.innerTextImpl(FrameImpl.java:526)
at com.microsoft.playwright.impl.FrameImpl.lambda$innerText$22(FrameImpl.java:517)
at com.microsoft.playwright.impl.LoggingSupport.withLogging(LoggingSupport.java:47)
at com.microsoft.playwright.impl.ChannelOwner.withLogging(ChannelOwner.java:89)
at com.microsoft.playwright.impl.FrameImpl.innerText(FrameImpl.java:517)
at com.microsoft.playwright.impl.LocatorImpl.innerText(LocatorImpl.java:335)
at com.microsoft.playwright.Locator.innerText(Locator.java:3663)
at base.Base.innerText(Base.java:54)
at testParameteization.EmpLoging.test_Employee_Login(EmpLoging.java:24)
at java.base/jdk.internal.reflect.NativeMethodAccessorImpl.invoke0(Native Method)
at java.base/jdk.internal.reflect.NativeMethodAccessorImpl.invoke(NativeMethodAccessorImpl.java:62)
at java.base/jdk.internal.reflect.DelegatingMethodAccessorImpl.invoke(DelegatingMethodAccessorImpl.java:43)
at java.base/java.lang.reflect.Method.invoke(Method.java:566)
at org.testng.internal.invokers.MethodInvocationHelper.invokeMethod(MethodInvocationHelper.java:139)
at org.testng.internal.invokers.TestInvoker.invokeMethod(TestInvoker.java:664)
at org.testng.internal.invokers.TestInvoker.invokeTestMethod(TestInvoker.java:227)
at org.testng.internal.invokers.MethodRunner.runInSequence(MethodRunner.java:50)
at org.testng.internal.invokers.TestInvoker$MethodInvocationAgent.invoke(TestInvoker.java:957)
at org.testng.internal.invokers.TestInvoker.invokeTestMethods(TestInvoker.java:200)
at org.testng.internal.invokers.TestMethodWorker.invokeTestMethods(TestMethodWorker.java:148)
at org.testng.internal.invokers.TestMethodWorker.run(TestMethodWorker.java:128)
at java.base/java.util.ArrayList.forEach(ArrayList.java:1540)
at org.testng.TestRunner.privateRun(TestRunner.java:848)
at org.testng.TestRunner.run(TestRunner.java:621)
at org.testng.SuiteRunner.runTest(SuiteRunner.java:443)
at org.testng.SuiteRunner.runSequentially(SuiteRunner.java:437)
at org.testng.SuiteRunner.privateRun(SuiteRunner.java:397)
at org.testng.SuiteRunner.run(SuiteRunner.java:336)
at org.testng.SuiteRunnerWorker.runSuite(SuiteRunnerWorker.java:52)
at org.testng.SuiteRunnerWorker.run(SuiteRunnerWorker.java:95)
at org.testng.TestNG.runSuitesSequentially(TestNG.java:1280)
at org.testng.TestNG.runSuitesLocally(TestNG.java:1200)
at org.testng.TestNG.runSuites(TestNG.java:1114)
at org.testng.TestNG.run(TestNG.java:1082)
at org.testng.remote.AbstractRemoteTestNG.run(AbstractRemoteTestNG.java:115)
at org.testng.remote.RemoteTestNG.initAndRun(RemoteTestNG.java:251)
at org.testng.remote.RemoteTestNG.main(RemoteTestNG.java:77)
Caused by: com.microsoft.playwright.TimeoutError: Error {
  message='Timeout 30000ms exceeded.
=========================== logs ===========================
waiting for locator("xpath=//h2[1]")
============================================================
  name='TimeoutError
  stack='TimeoutError: Timeout 30000ms exceeded.
=========================== logs ===========================
waiting for locator("xpath=//h2[1]")
============================================================
    at ProgressController.run (C:\Users\MONIRA~1\AppData\Local\Temp\playwright-java-7915200650146851856\package\lib\server\progress.js:88:26)
    at Frame._callOnElementOnceMatches (C:\Users\MONIRA~1\AppData\Local\Temp\playwright-java-7915200650146851856\package\lib\server\frames.js:1398:23)
    at Frame.innerText (C:\Users\MONIRA~1\AppData\Local\Temp\playwright-java-7915200650146851856\package\lib\server\frames.js:1059:17)
    at FrameDispatcher.innerText (C:\Users\MONIRA~1\AppData\Local\Temp\playwright-java-7915200650146851856\package\lib\server\dispatchers\frameDispatcher.js:182:32)
    at DispatcherConnection.dispatch (C:\Users\MONIRA~1\AppData\Local\Temp\playwright-java-7915200650146851856\package\lib\server\dispatchers\dispatcher.js:346:46)
}
at com.microsoft.playwright.impl.Connection.dispatch(Connection.java:224)
at com.microsoft.playwright.impl.Connection.processOneMessage(Connection.java:206)
at com.microsoft.playwright.impl.ChannelOwner.runUntil(ChannelOwner.java:118)
... 39 more
]]>
    </error>
  </testcase> <!-- test_Employee_Login -->
  <testcase classname="testParameteization.EmpLoging" name="test_Employee_Login" time="2.195"/>
</testsuite> <!-- testParameteization.EmpLoging -->
