<?xml version="1.0" encoding="UTF-8"?>
<!-- Generated by org.testng.reporters.JUnitReportReporter -->
<testsuite hostname="DESKTOP-9P1G2QK" failures="0" tests="1" name="dataProvid.EMP_LogingPage" time="8.499" errors="0" timestamp="2023-12-20T22:41:19 BDT" skipped="0">
  <testcase classname="dataProvid.EMP_LogingPage" name="test_Employee_Login" time="8.499"/>
</testsuite> <!-- dataProvid.EMP_LogingPage -->
