<?xml version="1.0" encoding="UTF-8"?>
<!-- Generated by org.testng.reporters.JUnitReportReporter -->
<testsuite hostname="DESKTOP-9P1G2QK" failures="0" tests="1" name="tastCase.Test_Employee_Login" time="1.604" errors="0" timestamp="2023-12-20T14:01:49 BDT" skipped="0">
  <testcase classname="tastCase.Test_Employee_Login" name="test_Employee_Login" time="1.604"/>
</testsuite> <!-- tastCase.Test_Employee_Login -->
