<?xml version="1.0" encoding="UTF-8"?>
<!-- Generated by org.testng.reporters.JUnitReportReporter -->
<testsuite hostname="DESKTOP-9P1G2QK" failures="0" tests="1" name="testDataProvide.ELoging" time="5.415" errors="0" timestamp="2023-12-21T23:21:17 BDT" skipped="0">
  <testcase classname="testDataProvide.ELoging" name="test_Employee_Login" time="5.415"/>
</testsuite> <!-- testDataProvide.ELoging -->
