<?xml version="1.0" encoding="UTF-8"?>
<!-- Generated by org.testng.reporters.JUnitReportReporter -->
<testsuite hostname="DESKTOP-9P1G2QK" failures="0" tests="2" name="beforeGroup.BeforeGroup_Example" time="5.578" errors="0" timestamp="2023-12-20T15:57:23 BDT" skipped="0">
  <testcase classname="beforeGroup.BeforeGroup_Example" name="homePageVerification" time="2.742"/>
  <testcase classname="beforeGroup.BeforeGroup_Example" name="test_Customer_Login" time="2.836"/>
</testsuite> <!-- beforeGroup.BeforeGroup_Example -->
