<?xml version="1.0" encoding="UTF-8"?>
<!-- Generated by org.testng.reporters.JUnitReportReporter -->
<testsuite hostname="DESKTOP-9P1G2QK" failures="0" tests="4" name="listeners.Assertion_Test_Employee_Login" time="10.681" errors="0" timestamp="2023-12-20T11:25:14 BDT" skipped="0">
  <testcase classname="listeners.Assertion_Test_Employee_Login" name="test_Customer_Login" time="1.780"/>
  <testcase classname="listeners.Assertion_Test_Employee_Login" name="test_Employee_Login" time="1.831"/>
  <testcase classname="listeners.Assertion_Test_Employee_Login" name="homePageVerification" time="2.381"/>
  <testcase classname="listeners.Assertion_Test_Employee_Login" name="test_Create_Order" time="4.689"/>
</testsuite> <!-- listeners.Assertion_Test_Employee_Login -->
