<?xml version="1.0" encoding="UTF-8"?>
<!-- Generated by org.testng.reporters.JUnitReportReporter -->
<testsuite hostname="DESKTOP-9P1G2QK" failures="0" tests="3" name="testParameteization.TestParameteizationBasic" time="0.016" errors="0" timestamp="2023-12-13T21:21:05 BDT" skipped="0">
  <testcase classname="testParameteization.TestParameteizationBasic" name="doLoging" time="0.002"/>
  <testcase classname="testParameteization.TestParameteizationBasic" name="doLoging" time="0.011"/>
  <testcase classname="testParameteization.TestParameteizationBasic" name="doLoging" time="0.003"/>
</testsuite> <!-- testParameteization.TestParameteizationBasic -->
